Using pre-set license
Built from '2020.3/staging' branch; Version is '2020.3.16f1 (049d6eca3c44) revision 302446'; Using compiler version '192528614'; Build Type 'Release'
OS: 'Windows 10 Pro; OS build 19043.1165; Version 2009; 64bit' Language: 'zh' Physical Memory: 32690 MB
BatchMode: 1, IsHumanControllingUs: 0, StartBugReporterOnCrash: 0, Is64bit: 1, IsPro: 0

 COMMAND LINE ARGUMENTS:
D:\Program Files (x86)\Unity\2020.3.16f1\Editor\Unity.exe
-adb2
-batchMode
-noUpm
-name
AssetImportWorker0
-projectPath
D:/Program Files (x86)/Unitygames/Unity_LionGameCodeDesign_3DRPG_20210818/LinoGameCodeDesign_3DRPG_20210818
-logFile
Logs/AssetImportWorker0.log
-srvPort
58958
Successfully changed project path to: D:/Program Files (x86)/Unitygames/Unity_LionGameCodeDesign_3DRPG_20210818/LinoGameCodeDesign_3DRPG_20210818
D:/Program Files (x86)/Unitygames/Unity_LionGameCodeDesign_3DRPG_20210818/LinoGameCodeDesign_3DRPG_20210818
Using Asset Import Pipeline V2.
Refreshing native plugins compatible for Editor in 20.91 ms, found 2 plugins.
Preloading 0 native plugins for Editor in 0.00 ms.
Initialize engine version: 2020.3.16f1 (049d6eca3c44)
[Subsystems] Discovering subsystems at path D:/Program Files (x86)/Unity/2020.3.16f1/Editor/Data/Resources/UnitySubsystems
[Subsystems] Discovering subsystems at path D:/Program Files (x86)/Unitygames/Unity_LionGameCodeDesign_3DRPG_20210818/LinoGameCodeDesign_3DRPG_20210818/Assets
GfxDevice: creating device client; threaded=0
Direct3D:
    Version:  Direct3D 11.0 [level 11.1]
    Renderer: NVIDIA GeForce RTX 3090 (ID=0x2204)
    Vendor:   
    VRAM:     24348 MB
    Driver:   27.21.14.5671
Initialize mono
Mono path[0] = 'D:/Program Files (x86)/Unity/2020.3.16f1/Editor/Data/Managed'
Mono path[1] = 'D:/Program Files (x86)/Unity/2020.3.16f1/Editor/Data/MonoBleedingEdge/lib/mono/unityjit'
Mono config path = 'D:/Program Files (x86)/Unity/2020.3.16f1/Editor/Data/MonoBleedingEdge/etc'
Using monoOptions --debugger-agent=transport=dt_socket,embedding=1,server=y,suspend=n,address=127.0.0.1:56052
Begin MonoManager ReloadAssembly
Registering precompiled unity dll's ...
Register platform support module: D:/Program Files (x86)/Unity/2020.3.16f1/Editor/Data/PlaybackEngines/WebGLSupport/UnityEditor.WebGL.Extensions.dll
Register platform support module: D:/Program Files (x86)/Unity/2020.3.16f1/Editor/Data/PlaybackEngines/WindowsStandaloneSupport/UnityEditor.WindowsStandalone.Extensions.dll
Registered in 0.001011 seconds.
Native extension for WindowsStandalone target not found
Native extension for WebGL target not found
Refreshing native plugins compatible for Editor in 21.35 ms, found 2 plugins.
Preloading 0 native plugins for Editor in 0.00 ms.
Mono: successfully reloaded assembly
- Completed reload, in  1.052 seconds
Domain Reload Profiling:
	ReloadAssembly (1052ms)
		BeginReloadAssembly (38ms)
			ExecutionOrderSort (0ms)
			DisableScriptedObjects (0ms)
			BackupInstance (0ms)
			ReleaseScriptingObjects (0ms)
			CreateAndSetChildDomain (1ms)
		EndReloadAssembly (309ms)
			LoadAssemblies (37ms)
			RebuildTransferFunctionScriptingTraits (0ms)
			SetupTypeCache (119ms)
			ReleaseScriptCaches (0ms)
			RebuildScriptCaches (27ms)
			SetupLoadedEditorAssemblies (117ms)
				LogAssemblyErrors (0ms)
				InitializePlatformSupportModulesInManaged (4ms)
				SetLoadedEditorAssemblies (0ms)
				RefreshPlugins (21ms)
				BeforeProcessingInitializeOnLoad (7ms)
				ProcessInitializeOnLoadAttributes (60ms)
				ProcessInitializeOnLoadMethodAttributes (25ms)
				AfterProcessingInitializeOnLoad (0ms)
				EditorAssembliesLoaded (0ms)
			ExecutionOrderSort2 (0ms)
			AwakeInstancesAfterBackupRestoration (0ms)
Platform modules already initialized, skipping
Registering precompiled user dll's ...
Registered in 0.002057 seconds.
Begin MonoManager ReloadAssembly
Native extension for WindowsStandalone target not found
Native extension for WebGL target not found
Refreshing native plugins compatible for Editor in 0.41 ms, found 2 plugins.
Preloading 0 native plugins for Editor in 0.00 ms.
Mono: successfully reloaded assembly
- Completed reload, in  0.776 seconds
Domain Reload Profiling:
	ReloadAssembly (777ms)
		BeginReloadAssembly (105ms)
			ExecutionOrderSort (0ms)
			DisableScriptedObjects (4ms)
			BackupInstance (0ms)
			ReleaseScriptingObjects (0ms)
			CreateAndSetChildDomain (13ms)
		EndReloadAssembly (629ms)
			LoadAssemblies (60ms)
			RebuildTransferFunctionScriptingTraits (0ms)
			SetupTypeCache (199ms)
			ReleaseScriptCaches (0ms)
			RebuildScriptCaches (32ms)
			SetupLoadedEditorAssemblies (265ms)
				LogAssemblyErrors (0ms)
				InitializePlatformSupportModulesInManaged (5ms)
				SetLoadedEditorAssemblies (0ms)
				RefreshPlugins (1ms)
				BeforeProcessingInitializeOnLoad (39ms)
				ProcessInitializeOnLoadAttributes (216ms)
				ProcessInitializeOnLoadMethodAttributes (3ms)
				AfterProcessingInitializeOnLoad (2ms)
				EditorAssembliesLoaded (0ms)
			ExecutionOrderSort2 (0ms)
			AwakeInstancesAfterBackupRestoration (5ms)
Platform modules already initialized, skipping
========================================================================
Worker process is ready to serve import requests
Launched and connected shader compiler UnityShaderCompiler.exe after 0.05 seconds
Refreshing native plugins compatible for Editor in 0.25 ms, found 2 plugins.
Preloading 0 native plugins for Editor in 0.00 ms.
Unloading 1397 Unused Serialized files (Serialized files now loaded: 0)
System memory in use before: 65.4 MB.
System memory in use after: 65.4 MB.

Unloading 18 unused Assets to reduce memory usage. Loaded Objects now: 1830.
Total: 2.097600 ms (FindLiveObjects: 0.110600 ms CreateObjectMapping: 0.034800 ms MarkObjects: 1.868400 ms  DeleteObjects: 0.083200 ms)

AssetImportParameters requested are different than current active one (requested -> active):
  custom:framework-win-MediaFoundation: 216162199b28c13a410421893ffa2e32 -> 
  custom:video-decoder-ogg-theora: a1e56fd34408186e4bbccfd4996cb3dc -> 
  custom:container-muxer-webm: aa71ff27fc2769a1b78a27578f13a17b -> 
  custom:container-demuxer-webm: 4f35f7cbe854078d1ac9338744f61a02 -> 
  custom:container-demuxer-ogg: 62fdf1f143b41e24485cea50d1cbac27 -> 
  custom:video-encoder-webm-vp8: eb34c28f22e8b96e1ab97ce403110664 -> 
  custom:video-decoder-webm-vp8: 9c59270c3fd7afecdb556c50c9e8de78 -> 
  custom:audio-decoder-ogg-vorbis: bf7c407c2cedff20999df2af8eb42d56 -> 
  custom:audio-encoder-webm-vorbis: bf7c407c2cedff20999df2af8eb42d56 -> 
========================================================================
Received Import Request.
  path: Assets/Scenes
  artifactKey: Guid(c53323160d7d9f842a4ce9af7abd9315) Importer(815301076,1909f56bfc062723c751e8b465ee728b)
Start importing Assets/Scenes using Guid(c53323160d7d9f842a4ce9af7abd9315) Importer(815301076,1909f56bfc062723c751e8b465ee728b)  -> (artifact id: '0a4e3e14d898ca572eb0fabaf0716461') in 0.007031 seconds 
  Import took 0.008707 seconds .

========================================================================
Received Import Request.
  Time since last request: 32.149159 seconds.
  path: Assets/場景
  artifactKey: Guid(8a704644e0a1ff946a705c9ea7495e17) Importer(815301076,1909f56bfc062723c751e8b465ee728b)
Start importing Assets/場景 using Guid(8a704644e0a1ff946a705c9ea7495e17) Importer(815301076,1909f56bfc062723c751e8b465ee728b)  -> (artifact id: '54bbb090a5bb1b624478f217ad52a339') in 0.006294 seconds 
  Import took 0.007995 seconds .

========================================================================
Received Import Request.
  Time since last request: 1.096424 seconds.
  path: Assets/場景/開始場景.unity
  artifactKey: Guid(7fa37b9fdacb4cb418832a8f9200dd40) Importer(815301076,1909f56bfc062723c751e8b465ee728b)
Start importing Assets/場景/開始場景.unity using Guid(7fa37b9fdacb4cb418832a8f9200dd40) Importer(815301076,1909f56bfc062723c751e8b465ee728b)  -> (artifact id: 'c482849eb168ed3b8847e2e29bcc7241') in 0.011269 seconds 
  Import took 0.012930 seconds .

========================================================================
Received Prepare
Registering precompiled user dll's ...
Registered in 0.001908 seconds.
Begin MonoManager ReloadAssembly
Native extension for WindowsStandalone target not found
Native extension for WebGL target not found
Refreshing native plugins compatible for Editor in 0.25 ms, found 2 plugins.
Preloading 0 native plugins for Editor in 0.00 ms.
Mono: successfully reloaded assembly
- Completed reload, in  0.745 seconds
Domain Reload Profiling:
	ReloadAssembly (745ms)
		BeginReloadAssembly (83ms)
			ExecutionOrderSort (0ms)
			DisableScriptedObjects (4ms)
			BackupInstance (0ms)
			ReleaseScriptingObjects (0ms)
			CreateAndSetChildDomain (25ms)
		EndReloadAssembly (620ms)
			LoadAssemblies (60ms)
			RebuildTransferFunctionScriptingTraits (0ms)
			SetupTypeCache (208ms)
			ReleaseScriptCaches (1ms)
			RebuildScriptCaches (28ms)
			SetupLoadedEditorAssemblies (249ms)
				LogAssemblyErrors (0ms)
				InitializePlatformSupportModulesInManaged (5ms)
				SetLoadedEditorAssemblies (0ms)
				RefreshPlugins (0ms)
				BeforeProcessingInitializeOnLoad (36ms)
				ProcessInitializeOnLoadAttributes (203ms)
				ProcessInitializeOnLoadMethodAttributes (2ms)
				AfterProcessingInitializeOnLoad (2ms)
				EditorAssembliesLoaded (0ms)
			ExecutionOrderSort2 (0ms)
			AwakeInstancesAfterBackupRestoration (5ms)
Platform modules already initialized, skipping
Refreshing native plugins compatible for Editor in 0.26 ms, found 2 plugins.
Preloading 0 native plugins for Editor in 0.00 ms.
Unloading 1391 Unused Serialized files (Serialized files now loaded: 0)
System memory in use before: 65.2 MB.
System memory in use after: 65.3 MB.

Unloading 13 unused Assets to reduce memory usage. Loaded Objects now: 1832.
Total: 2.037900 ms (FindLiveObjects: 0.112900 ms CreateObjectMapping: 0.039000 ms MarkObjects: 1.873400 ms  DeleteObjects: 0.011800 ms)

AssetImportParameters requested are different than current active one (requested -> active):
  custom:framework-win-MediaFoundation: 216162199b28c13a410421893ffa2e32 -> 
  custom:video-decoder-ogg-theora: a1e56fd34408186e4bbccfd4996cb3dc -> 
  custom:container-muxer-webm: aa71ff27fc2769a1b78a27578f13a17b -> 
  custom:container-demuxer-webm: 4f35f7cbe854078d1ac9338744f61a02 -> 
  custom:container-demuxer-ogg: 62fdf1f143b41e24485cea50d1cbac27 -> 
  custom:video-encoder-webm-vp8: eb34c28f22e8b96e1ab97ce403110664 -> 
  custom:video-decoder-webm-vp8: 9c59270c3fd7afecdb556c50c9e8de78 -> 
  custom:audio-decoder-ogg-vorbis: bf7c407c2cedff20999df2af8eb42d56 -> 
  custom:audio-encoder-webm-vorbis: bf7c407c2cedff20999df2af8eb42d56 -> 
========================================================================
Received Prepare
Registering precompiled user dll's ...
Registered in 0.001625 seconds.
Begin MonoManager ReloadAssembly
Native extension for WindowsStandalone target not found
Native extension for WebGL target not found
Refreshing native plugins compatible for Editor in 0.26 ms, found 2 plugins.
Preloading 0 native plugins for Editor in 0.00 ms.
Mono: successfully reloaded assembly
- Completed reload, in  0.749 seconds
Domain Reload Profiling:
	ReloadAssembly (750ms)
		BeginReloadAssembly (88ms)
			ExecutionOrderSort (0ms)
			DisableScriptedObjects (4ms)
			BackupInstance (0ms)
			ReleaseScriptingObjects (0ms)
			CreateAndSetChildDomain (24ms)
		EndReloadAssembly (620ms)
			LoadAssemblies (61ms)
			RebuildTransferFunctionScriptingTraits (0ms)
			SetupTypeCache (202ms)
			ReleaseScriptCaches (1ms)
			RebuildScriptCaches (31ms)
			SetupLoadedEditorAssemblies (252ms)
				LogAssemblyErrors (0ms)
				InitializePlatformSupportModulesInManaged (4ms)
				SetLoadedEditorAssemblies (0ms)
				RefreshPlugins (0ms)
				BeforeProcessingInitializeOnLoad (36ms)
				ProcessInitializeOnLoadAttributes (206ms)
				ProcessInitializeOnLoadMethodAttributes (3ms)
				AfterProcessingInitializeOnLoad (2ms)
				EditorAssembliesLoaded (0ms)
			ExecutionOrderSort2 (0ms)
			AwakeInstancesAfterBackupRestoration (5ms)
Platform modules already initialized, skipping
Refreshing native plugins compatible for Editor in 0.23 ms, found 2 plugins.
Preloading 0 native plugins for Editor in 0.00 ms.
Unloading 1391 Unused Serialized files (Serialized files now loaded: 0)
System memory in use before: 65.2 MB.
System memory in use after: 65.3 MB.

Unloading 13 unused Assets to reduce memory usage. Loaded Objects now: 1834.
Total: 2.020700 ms (FindLiveObjects: 0.115100 ms CreateObjectMapping: 0.037000 ms MarkObjects: 1.857300 ms  DeleteObjects: 0.010500 ms)

AssetImportParameters requested are different than current active one (requested -> active):
  custom:framework-win-MediaFoundation: 216162199b28c13a410421893ffa2e32 -> 
  custom:video-decoder-ogg-theora: a1e56fd34408186e4bbccfd4996cb3dc -> 
  custom:container-muxer-webm: aa71ff27fc2769a1b78a27578f13a17b -> 
  custom:container-demuxer-webm: 4f35f7cbe854078d1ac9338744f61a02 -> 
  custom:container-demuxer-ogg: 62fdf1f143b41e24485cea50d1cbac27 -> 
  custom:video-encoder-webm-vp8: eb34c28f22e8b96e1ab97ce403110664 -> 
  custom:video-decoder-webm-vp8: 9c59270c3fd7afecdb556c50c9e8de78 -> 
  custom:audio-decoder-ogg-vorbis: bf7c407c2cedff20999df2af8eb42d56 -> 
  custom:audio-encoder-webm-vorbis: bf7c407c2cedff20999df2af8eb42d56 -> 
========================================================================
Received Prepare
Registering precompiled user dll's ...
Registered in 0.001743 seconds.
Begin MonoManager ReloadAssembly
Native extension for WindowsStandalone target not found
Native extension for WebGL target not found
Refreshing native plugins compatible for Editor in 0.25 ms, found 2 plugins.
Preloading 0 native plugins for Editor in 0.00 ms.
Mono: successfully reloaded assembly
- Completed reload, in  0.735 seconds
Domain Reload Profiling:
	ReloadAssembly (735ms)
		BeginReloadAssembly (82ms)
			ExecutionOrderSort (0ms)
			DisableScriptedObjects (4ms)
			BackupInstance (0ms)
			ReleaseScriptingObjects (0ms)
			CreateAndSetChildDomain (23ms)
		EndReloadAssembly (611ms)
			LoadAssemblies (60ms)
			RebuildTransferFunctionScriptingTraits (0ms)
			SetupTypeCache (199ms)
			ReleaseScriptCaches (1ms)
			RebuildScriptCaches (30ms)
			SetupLoadedEditorAssemblies (251ms)
				LogAssemblyErrors (0ms)
				InitializePlatformSupportModulesInManaged (4ms)
				SetLoadedEditorAssemblies (0ms)
				RefreshPlugins (0ms)
				BeforeProcessingInitializeOnLoad (34ms)
				ProcessInitializeOnLoadAttributes (208ms)
				ProcessInitializeOnLoadMethodAttributes (3ms)
				AfterProcessingInitializeOnLoad (2ms)
				EditorAssembliesLoaded (0ms)
			ExecutionOrderSort2 (0ms)
			AwakeInstancesAfterBackupRestoration (5ms)
Platform modules already initialized, skipping
Refreshing native plugins compatible for Editor in 0.24 ms, found 2 plugins.
Preloading 0 native plugins for Editor in 0.00 ms.
Unloading 1391 Unused Serialized files (Serialized files now loaded: 0)
System memory in use before: 65.2 MB.
System memory in use after: 65.3 MB.

Unloading 13 unused Assets to reduce memory usage. Loaded Objects now: 1836.
Total: 2.433700 ms (FindLiveObjects: 0.127800 ms CreateObjectMapping: 0.040600 ms MarkObjects: 2.254000 ms  DeleteObjects: 0.010500 ms)

AssetImportParameters requested are different than current active one (requested -> active):
  custom:framework-win-MediaFoundation: 216162199b28c13a410421893ffa2e32 -> 
  custom:video-decoder-ogg-theora: a1e56fd34408186e4bbccfd4996cb3dc -> 
  custom:container-muxer-webm: aa71ff27fc2769a1b78a27578f13a17b -> 
  custom:container-demuxer-webm: 4f35f7cbe854078d1ac9338744f61a02 -> 
  custom:container-demuxer-ogg: 62fdf1f143b41e24485cea50d1cbac27 -> 
  custom:video-encoder-webm-vp8: eb34c28f22e8b96e1ab97ce403110664 -> 
  custom:video-decoder-webm-vp8: 9c59270c3fd7afecdb556c50c9e8de78 -> 
  custom:audio-decoder-ogg-vorbis: bf7c407c2cedff20999df2af8eb42d56 -> 
  custom:audio-encoder-webm-vorbis: bf7c407c2cedff20999df2af8eb42d56 -> 
========================================================================
Received Prepare
Registering precompiled user dll's ...
Registered in 0.001790 seconds.
Begin MonoManager ReloadAssembly
Native extension for WindowsStandalone target not found
Native extension for WebGL target not found
Refreshing native plugins compatible for Editor in 0.26 ms, found 2 plugins.
Preloading 0 native plugins for Editor in 0.00 ms.
Mono: successfully reloaded assembly
- Completed reload, in  0.753 seconds
Domain Reload Profiling:
	ReloadAssembly (754ms)
		BeginReloadAssembly (86ms)
			ExecutionOrderSort (0ms)
			DisableScriptedObjects (4ms)
			BackupInstance (0ms)
			ReleaseScriptingObjects (0ms)
			CreateAndSetChildDomain (23ms)
		EndReloadAssembly (624ms)
			LoadAssemblies (61ms)
			RebuildTransferFunctionScriptingTraits (0ms)
			SetupTypeCache (203ms)
			ReleaseScriptCaches (1ms)
			RebuildScriptCaches (28ms)
			SetupLoadedEditorAssemblies (259ms)
				LogAssemblyErrors (0ms)
				InitializePlatformSupportModulesInManaged (4ms)
				SetLoadedEditorAssemblies (0ms)
				RefreshPlugins (0ms)
				BeforeProcessingInitializeOnLoad (35ms)
				ProcessInitializeOnLoadAttributes (215ms)
				ProcessInitializeOnLoadMethodAttributes (3ms)
				AfterProcessingInitializeOnLoad (2ms)
				EditorAssembliesLoaded (0ms)
			ExecutionOrderSort2 (0ms)
			AwakeInstancesAfterBackupRestoration (5ms)
Platform modules already initialized, skipping
Refreshing native plugins compatible for Editor in 0.24 ms, found 2 plugins.
Preloading 0 native plugins for Editor in 0.00 ms.
Unloading 1391 Unused Serialized files (Serialized files now loaded: 0)
System memory in use before: 65.3 MB.
System memory in use after: 65.4 MB.

Unloading 13 unused Assets to reduce memory usage. Loaded Objects now: 1838.
Total: 2.034200 ms (FindLiveObjects: 0.112400 ms CreateObjectMapping: 0.035800 ms MarkObjects: 1.873000 ms  DeleteObjects: 0.012100 ms)

AssetImportParameters requested are different than current active one (requested -> active):
  custom:framework-win-MediaFoundation: 216162199b28c13a410421893ffa2e32 -> 
  custom:video-decoder-ogg-theora: a1e56fd34408186e4bbccfd4996cb3dc -> 
  custom:container-muxer-webm: aa71ff27fc2769a1b78a27578f13a17b -> 
  custom:container-demuxer-webm: 4f35f7cbe854078d1ac9338744f61a02 -> 
  custom:container-demuxer-ogg: 62fdf1f143b41e24485cea50d1cbac27 -> 
  custom:video-encoder-webm-vp8: eb34c28f22e8b96e1ab97ce403110664 -> 
  custom:video-decoder-webm-vp8: 9c59270c3fd7afecdb556c50c9e8de78 -> 
  custom:audio-decoder-ogg-vorbis: bf7c407c2cedff20999df2af8eb42d56 -> 
  custom:audio-encoder-webm-vorbis: bf7c407c2cedff20999df2af8eb42d56 -> 
========================================================================
Received Import Request.
  Time since last request: 3987.974401 seconds.
  path: Assets/HanyiSentyTang.ttf
  artifactKey: Guid(d89c384d9ff4ec2468493db0456f27ec) Importer(815301076,1909f56bfc062723c751e8b465ee728b)
Start importing Assets/HanyiSentyTang.ttf using Guid(d89c384d9ff4ec2468493db0456f27ec) Importer(815301076,1909f56bfc062723c751e8b465ee728b)  -> (artifact id: '2e7be0761da815fd107955f296c68337') in 0.098865 seconds 
  Import took 0.101445 seconds .

========================================================================
Received Prepare
Registering precompiled user dll's ...
Registered in 0.001809 seconds.
Begin MonoManager ReloadAssembly
Native extension for WindowsStandalone target not found
Native extension for WebGL target not found
Refreshing native plugins compatible for Editor in 0.27 ms, found 2 plugins.
Preloading 0 native plugins for Editor in 0.00 ms.
Mono: successfully reloaded assembly
- Completed reload, in  0.784 seconds
Domain Reload Profiling:
	ReloadAssembly (785ms)
		BeginReloadAssembly (89ms)
			ExecutionOrderSort (0ms)
			DisableScriptedObjects (4ms)
			BackupInstance (0ms)
			ReleaseScriptingObjects (0ms)
			CreateAndSetChildDomain (28ms)
		EndReloadAssembly (648ms)
			LoadAssemblies (64ms)
			RebuildTransferFunctionScriptingTraits (0ms)
			SetupTypeCache (210ms)
			ReleaseScriptCaches (1ms)
			RebuildScriptCaches (29ms)
			SetupLoadedEditorAssemblies (270ms)
				LogAssemblyErrors (0ms)
				InitializePlatformSupportModulesInManaged (5ms)
				SetLoadedEditorAssemblies (0ms)
				RefreshPlugins (0ms)
				BeforeProcessingInitializeOnLoad (38ms)
				ProcessInitializeOnLoadAttributes (222ms)
				ProcessInitializeOnLoadMethodAttributes (3ms)
				AfterProcessingInitializeOnLoad (2ms)
				EditorAssembliesLoaded (0ms)
			ExecutionOrderSort2 (0ms)
			AwakeInstancesAfterBackupRestoration (6ms)
Platform modules already initialized, skipping
Refreshing native plugins compatible for Editor in 0.29 ms, found 2 plugins.
Preloading 0 native plugins for Editor in 0.00 ms.
Unloading 1391 Unused Serialized files (Serialized files now loaded: 0)
System memory in use before: 68.7 MB.
System memory in use after: 68.8 MB.

Unloading 13 unused Assets to reduce memory usage. Loaded Objects now: 1884.
Total: 2.104000 ms (FindLiveObjects: 0.130900 ms CreateObjectMapping: 0.037000 ms MarkObjects: 1.924100 ms  DeleteObjects: 0.011100 ms)

AssetImportParameters requested are different than current active one (requested -> active):
  custom:framework-win-MediaFoundation: 216162199b28c13a410421893ffa2e32 -> 
  custom:video-decoder-ogg-theora: a1e56fd34408186e4bbccfd4996cb3dc -> 
  custom:container-muxer-webm: aa71ff27fc2769a1b78a27578f13a17b -> 
  custom:container-demuxer-webm: 4f35f7cbe854078d1ac9338744f61a02 -> 
  custom:container-demuxer-ogg: 62fdf1f143b41e24485cea50d1cbac27 -> 
  custom:video-encoder-webm-vp8: eb34c28f22e8b96e1ab97ce403110664 -> 
  custom:video-decoder-webm-vp8: 9c59270c3fd7afecdb556c50c9e8de78 -> 
  custom:audio-decoder-ogg-vorbis: bf7c407c2cedff20999df2af8eb42d56 -> 
  custom:audio-encoder-webm-vorbis: bf7c407c2cedff20999df2af8eb42d56 -> 
========================================================================
Received Prepare
Registering precompiled user dll's ...
Registered in 0.001841 seconds.
Begin MonoManager ReloadAssembly
Native extension for WindowsStandalone target not found
Native extension for WebGL target not found
Refreshing native plugins compatible for Editor in 0.25 ms, found 2 plugins.
Preloading 0 native plugins for Editor in 0.00 ms.
Mono: successfully reloaded assembly
- Completed reload, in  0.729 seconds
Domain Reload Profiling:
	ReloadAssembly (730ms)
		BeginReloadAssembly (81ms)
			ExecutionOrderSort (0ms)
			DisableScriptedObjects (3ms)
			BackupInstance (0ms)
			ReleaseScriptingObjects (0ms)
			CreateAndSetChildDomain (23ms)
		EndReloadAssembly (604ms)
			LoadAssemblies (58ms)
			RebuildTransferFunctionScriptingTraits (0ms)
			SetupTypeCache (196ms)
			ReleaseScriptCaches (1ms)
			RebuildScriptCaches (28ms)
			SetupLoadedEditorAssemblies (249ms)
				LogAssemblyErrors (0ms)
				InitializePlatformSupportModulesInManaged (5ms)
				SetLoadedEditorAssemblies (0ms)
				RefreshPlugins (0ms)
				BeforeProcessingInitializeOnLoad (33ms)
				ProcessInitializeOnLoadAttributes (206ms)
				ProcessInitializeOnLoadMethodAttributes (3ms)
				AfterProcessingInitializeOnLoad (2ms)
				EditorAssembliesLoaded (0ms)
			ExecutionOrderSort2 (0ms)
			AwakeInstancesAfterBackupRestoration (5ms)
Platform modules already initialized, skipping
Refreshing native plugins compatible for Editor in 0.27 ms, found 2 plugins.
Preloading 0 native plugins for Editor in 0.00 ms.
Unloading 1391 Unused Serialized files (Serialized files now loaded: 0)
System memory in use before: 68.7 MB.
System memory in use after: 68.8 MB.

Unloading 13 unused Assets to reduce memory usage. Loaded Objects now: 1886.
Total: 2.067500 ms (FindLiveObjects: 0.130200 ms CreateObjectMapping: 0.047500 ms MarkObjects: 1.878000 ms  DeleteObjects: 0.010800 ms)

AssetImportParameters requested are different than current active one (requested -> active):
  custom:framework-win-MediaFoundation: 216162199b28c13a410421893ffa2e32 -> 
  custom:video-decoder-ogg-theora: a1e56fd34408186e4bbccfd4996cb3dc -> 
  custom:container-muxer-webm: aa71ff27fc2769a1b78a27578f13a17b -> 
  custom:container-demuxer-webm: 4f35f7cbe854078d1ac9338744f61a02 -> 
  custom:container-demuxer-ogg: 62fdf1f143b41e24485cea50d1cbac27 -> 
  custom:video-encoder-webm-vp8: eb34c28f22e8b96e1ab97ce403110664 -> 
  custom:video-decoder-webm-vp8: 9c59270c3fd7afecdb556c50c9e8de78 -> 
  custom:audio-decoder-ogg-vorbis: bf7c407c2cedff20999df2af8eb42d56 -> 
  custom:audio-encoder-webm-vorbis: bf7c407c2cedff20999df2af8eb42d56 -> 
========================================================================
Received Prepare
Registering precompiled user dll's ...
Registered in 0.001825 seconds.
Begin MonoManager ReloadAssembly
Native extension for WindowsStandalone target not found
Native extension for WebGL target not found
Refreshing native plugins compatible for Editor in 0.28 ms, found 2 plugins.
Preloading 0 native plugins for Editor in 0.00 ms.
Mono: successfully reloaded assembly
- Completed reload, in  0.779 seconds
Domain Reload Profiling:
	ReloadAssembly (780ms)
		BeginReloadAssembly (84ms)
			ExecutionOrderSort (0ms)
			DisableScriptedObjects (4ms)
			BackupInstance (0ms)
			ReleaseScriptingObjects (0ms)
			CreateAndSetChildDomain (23ms)
		EndReloadAssembly (648ms)
			LoadAssemblies (64ms)
			RebuildTransferFunctionScriptingTraits (0ms)
			SetupTypeCache (210ms)
			ReleaseScriptCaches (1ms)
			RebuildScriptCaches (30ms)
			SetupLoadedEditorAssemblies (267ms)
				LogAssemblyErrors (0ms)
				InitializePlatformSupportModulesInManaged (5ms)
				SetLoadedEditorAssemblies (0ms)
				RefreshPlugins (0ms)
				BeforeProcessingInitializeOnLoad (37ms)
				ProcessInitializeOnLoadAttributes (220ms)
				ProcessInitializeOnLoadMethodAttributes (3ms)
				AfterProcessingInitializeOnLoad (2ms)
				EditorAssembliesLoaded (0ms)
			ExecutionOrderSort2 (0ms)
			AwakeInstancesAfterBackupRestoration (5ms)
Platform modules already initialized, skipping
Refreshing native plugins compatible for Editor in 0.28 ms, found 2 plugins.
Preloading 0 native plugins for Editor in 0.00 ms.
Unloading 1391 Unused Serialized files (Serialized files now loaded: 0)
System memory in use before: 68.7 MB.
System memory in use after: 68.8 MB.

Unloading 13 unused Assets to reduce memory usage. Loaded Objects now: 1888.
Total: 2.063800 ms (FindLiveObjects: 0.120600 ms CreateObjectMapping: 0.038000 ms MarkObjects: 1.892800 ms  DeleteObjects: 0.011700 ms)

AssetImportParameters requested are different than current active one (requested -> active):
  custom:framework-win-MediaFoundation: 216162199b28c13a410421893ffa2e32 -> 
  custom:video-decoder-ogg-theora: a1e56fd34408186e4bbccfd4996cb3dc -> 
  custom:container-muxer-webm: aa71ff27fc2769a1b78a27578f13a17b -> 
  custom:container-demuxer-webm: 4f35f7cbe854078d1ac9338744f61a02 -> 
  custom:container-demuxer-ogg: 62fdf1f143b41e24485cea50d1cbac27 -> 
  custom:video-encoder-webm-vp8: eb34c28f22e8b96e1ab97ce403110664 -> 
  custom:video-decoder-webm-vp8: 9c59270c3fd7afecdb556c50c9e8de78 -> 
  custom:audio-decoder-ogg-vorbis: bf7c407c2cedff20999df2af8eb42d56 -> 
  custom:audio-encoder-webm-vorbis: bf7c407c2cedff20999df2af8eb42d56 -> 
========================================================================
Received Prepare
Registering precompiled user dll's ...
Registered in 0.001655 seconds.
Begin MonoManager ReloadAssembly
Native extension for WindowsStandalone target not found
Native extension for WebGL target not found
Refreshing native plugins compatible for Editor in 0.26 ms, found 2 plugins.
Preloading 0 native plugins for Editor in 0.00 ms.
Mono: successfully reloaded assembly
- Completed reload, in  0.734 seconds
Domain Reload Profiling:
	ReloadAssembly (735ms)
		BeginReloadAssembly (87ms)
			ExecutionOrderSort (0ms)
			DisableScriptedObjects (3ms)
			BackupInstance (0ms)
			ReleaseScriptingObjects (0ms)
			CreateAndSetChildDomain (23ms)
		EndReloadAssembly (605ms)
			LoadAssemblies (61ms)
			RebuildTransferFunctionScriptingTraits (0ms)
			SetupTypeCache (192ms)
			ReleaseScriptCaches (1ms)
			RebuildScriptCaches (29ms)
			SetupLoadedEditorAssemblies (252ms)
				LogAssemblyErrors (0ms)
				InitializePlatformSupportModulesInManaged (4ms)
				SetLoadedEditorAssemblies (0ms)
				RefreshPlugins (0ms)
				BeforeProcessingInitializeOnLoad (33ms)
				ProcessInitializeOnLoadAttributes (209ms)
				ProcessInitializeOnLoadMethodAttributes (3ms)
				AfterProcessingInitializeOnLoad (2ms)
				EditorAssembliesLoaded (0ms)
			ExecutionOrderSort2 (0ms)
			AwakeInstancesAfterBackupRestoration (5ms)
Platform modules already initialized, skipping
Refreshing native plugins compatible for Editor in 0.26 ms, found 2 plugins.
Preloading 0 native plugins for Editor in 0.00 ms.
Unloading 1391 Unused Serialized files (Serialized files now loaded: 0)
System memory in use before: 68.7 MB.
System memory in use after: 68.8 MB.

Unloading 13 unused Assets to reduce memory usage. Loaded Objects now: 1890.
Total: 2.039900 ms (FindLiveObjects: 0.124600 ms CreateObjectMapping: 0.036400 ms MarkObjects: 1.865600 ms  DeleteObjects: 0.012000 ms)

AssetImportParameters requested are different than current active one (requested -> active):
  custom:framework-win-MediaFoundation: 216162199b28c13a410421893ffa2e32 -> 
  custom:video-decoder-ogg-theora: a1e56fd34408186e4bbccfd4996cb3dc -> 
  custom:container-muxer-webm: aa71ff27fc2769a1b78a27578f13a17b -> 
  custom:container-demuxer-webm: 4f35f7cbe854078d1ac9338744f61a02 -> 
  custom:container-demuxer-ogg: 62fdf1f143b41e24485cea50d1cbac27 -> 
  custom:video-encoder-webm-vp8: eb34c28f22e8b96e1ab97ce403110664 -> 
  custom:video-decoder-webm-vp8: 9c59270c3fd7afecdb556c50c9e8de78 -> 
  custom:audio-decoder-ogg-vorbis: bf7c407c2cedff20999df2af8eb42d56 -> 
  custom:audio-encoder-webm-vorbis: bf7c407c2cedff20999df2af8eb42d56 -> 
========================================================================
Received Prepare
Registering precompiled user dll's ...
Registered in 0.001759 seconds.
Begin MonoManager ReloadAssembly
Native extension for WindowsStandalone target not found
Native extension for WebGL target not found
Refreshing native plugins compatible for Editor in 0.25 ms, found 2 plugins.
Preloading 0 native plugins for Editor in 0.00 ms.
Mono: successfully reloaded assembly
- Completed reload, in  0.731 seconds
Domain Reload Profiling:
	ReloadAssembly (731ms)
		BeginReloadAssembly (90ms)
			ExecutionOrderSort (0ms)
			DisableScriptedObjects (4ms)
			BackupInstance (0ms)
			ReleaseScriptingObjects (0ms)
			CreateAndSetChildDomain (23ms)
		EndReloadAssembly (600ms)
			LoadAssemblies (59ms)
			RebuildTransferFunctionScriptingTraits (0ms)
			SetupTypeCache (190ms)
			ReleaseScriptCaches (1ms)
			RebuildScriptCaches (31ms)
			SetupLoadedEditorAssemblies (247ms)
				LogAssemblyErrors (0ms)
				InitializePlatformSupportModulesInManaged (4ms)
				SetLoadedEditorAssemblies (0ms)
				RefreshPlugins (0ms)
				BeforeProcessingInitializeOnLoad (36ms)
				ProcessInitializeOnLoadAttributes (201ms)
				ProcessInitializeOnLoadMethodAttributes (3ms)
				AfterProcessingInitializeOnLoad (2ms)
				EditorAssembliesLoaded (0ms)
			ExecutionOrderSort2 (0ms)
			AwakeInstancesAfterBackupRestoration (5ms)
Platform modules already initialized, skipping
Refreshing native plugins compatible for Editor in 0.28 ms, found 2 plugins.
Preloading 0 native plugins for Editor in 0.00 ms.
Unloading 1391 Unused Serialized files (Serialized files now loaded: 0)
System memory in use before: 68.7 MB.
System memory in use after: 68.8 MB.

Unloading 13 unused Assets to reduce memory usage. Loaded Objects now: 1892.
Total: 2.037300 ms (FindLiveObjects: 0.138200 ms CreateObjectMapping: 0.050900 ms MarkObjects: 1.836800 ms  DeleteObjects: 0.010600 ms)

AssetImportParameters requested are different than current active one (requested -> active):
  custom:framework-win-MediaFoundation: 216162199b28c13a410421893ffa2e32 -> 
  custom:video-decoder-ogg-theora: a1e56fd34408186e4bbccfd4996cb3dc -> 
  custom:container-muxer-webm: aa71ff27fc2769a1b78a27578f13a17b -> 
  custom:container-demuxer-webm: 4f35f7cbe854078d1ac9338744f61a02 -> 
  custom:container-demuxer-ogg: 62fdf1f143b41e24485cea50d1cbac27 -> 
  custom:video-encoder-webm-vp8: eb34c28f22e8b96e1ab97ce403110664 -> 
  custom:video-decoder-webm-vp8: 9c59270c3fd7afecdb556c50c9e8de78 -> 
  custom:audio-decoder-ogg-vorbis: bf7c407c2cedff20999df2af8eb42d56 -> 
  custom:audio-encoder-webm-vorbis: bf7c407c2cedff20999df2af8eb42d56 -> 
========================================================================
Received Import Request.
  Time since last request: 3120.771896 seconds.
  path: Assets/Handpainted_Forest_pack
  artifactKey: Guid(f007c3d4562326c45a55d65a6c709e47) Importer(815301076,1909f56bfc062723c751e8b465ee728b)
Start importing Assets/Handpainted_Forest_pack using Guid(f007c3d4562326c45a55d65a6c709e47) Importer(815301076,1909f56bfc062723c751e8b465ee728b)  -> (artifact id: '22caba83bf31ccaaf79fc920e5455bed') in 0.007673 seconds 
  Import took 0.010093 seconds .

========================================================================
Received Import Request.
  Time since last request: 5.131267 seconds.
  path: Assets/Handpainted_Forest_pack/Showcase_sceneSettings.lighting
  artifactKey: Guid(bf01f5aef0041a74385005ac29a5a4c6) Importer(815301076,1909f56bfc062723c751e8b465ee728b)
Start importing Assets/Handpainted_Forest_pack/Showcase_sceneSettings.lighting using Guid(bf01f5aef0041a74385005ac29a5a4c6) Importer(815301076,1909f56bfc062723c751e8b465ee728b) LightingSettings: switching bake backend from 1 to 0.
 -> (artifact id: '8528201b1a45434ba3dc15690ab2618b') in 0.013634 seconds 
  Import took 0.015524 seconds .

========================================================================
Received Import Request.
  Time since last request: 3.118289 seconds.
  path: Assets/Handpainted_Forest_pack/Showcase_scene.unity
  artifactKey: Guid(2cb9febfd2d8161438f1ce73b4605529) Importer(815301076,1909f56bfc062723c751e8b465ee728b)
Start importing Assets/Handpainted_Forest_pack/Showcase_scene.unity using Guid(2cb9febfd2d8161438f1ce73b4605529) Importer(815301076,1909f56bfc062723c751e8b465ee728b)  -> (artifact id: 'cf783c1f5fd313aba522b29cec3f8d9d') in 0.005915 seconds 
  Import took 0.007669 seconds .

========================================================================
Received Import Request.
  Time since last request: 173.040040 seconds.
  path: Assets/場景/遊戲場景.unity
  artifactKey: Guid(936eeb919e9be7d48b710cd04937aa41) Importer(815301076,1909f56bfc062723c751e8b465ee728b)
Start importing Assets/場景/遊戲場景.unity using Guid(936eeb919e9be7d48b710cd04937aa41) Importer(815301076,1909f56bfc062723c751e8b465ee728b)  -> (artifact id: '25210b7b6c3440ed17f4a32c7f9ef164') in 0.005688 seconds 
  Import took 0.007520 seconds .

========================================================================
Received Import Request.
  Time since last request: 1.008845 seconds.
  path: Assets/場景/開始場景.unity
  artifactKey: Guid(7fa37b9fdacb4cb418832a8f9200dd40) Importer(815301076,1909f56bfc062723c751e8b465ee728b)
Start importing Assets/場景/開始場景.unity using Guid(7fa37b9fdacb4cb418832a8f9200dd40) Importer(815301076,1909f56bfc062723c751e8b465ee728b)  -> (artifact id: '78a9def56e51c447c650c92b8ea89a57') in 0.002870 seconds 
  Import took 0.004955 seconds .

========================================================================
Received Import Request.
  Time since last request: 150.106433 seconds.
  path: Assets/Handpainted_Forest_pack/Models
  artifactKey: Guid(e6ef26e78701f704582bb1f8938086d7) Importer(815301076,1909f56bfc062723c751e8b465ee728b)
Start importing Assets/Handpainted_Forest_pack/Models using Guid(e6ef26e78701f704582bb1f8938086d7) Importer(815301076,1909f56bfc062723c751e8b465ee728b)  -> (artifact id: '8a21423b1fbe9d8877601ad513fbeb8c') in 0.005247 seconds 
  Import took 0.007454 seconds .

========================================================================
Received Import Request.
  Time since last request: 0.125163 seconds.
  path: Assets/Handpainted_Forest_pack/Models/Fir_v1_1.prefab
  artifactKey: Guid(a47d7ad739a48614babdcba6106ead5f) Importer(815301076,1909f56bfc062723c751e8b465ee728b)
Start importing Assets/Handpainted_Forest_pack/Models/Fir_v1_1.prefab using Guid(a47d7ad739a48614babdcba6106ead5f) Importer(815301076,1909f56bfc062723c751e8b465ee728b)  -> (artifact id: '3b1bbcd1d7e3f294838d77755ff1556e') in 0.148704 seconds 
  Import took 0.150556 seconds .

========================================================================
Received Import Request.
  Time since last request: 0.000234 seconds.
  path: Assets/Handpainted_Forest_pack/Models/Pine_v1_2.prefab
  artifactKey: Guid(07232b84fecc54e45b2e071b6885bb96) Importer(815301076,1909f56bfc062723c751e8b465ee728b)
Start importing Assets/Handpainted_Forest_pack/Models/Pine_v1_2.prefab using Guid(07232b84fecc54e45b2e071b6885bb96) Importer(815301076,1909f56bfc062723c751e8b465ee728b)  -> (artifact id: 'fd398893ff3f5e353610c8f7f37ba469') in 0.016864 seconds 
  Import took 0.018579 seconds .

========================================================================
Received Import Request.
  Time since last request: 0.000143 seconds.
  path: Assets/Handpainted_Forest_pack/Models/Grass_v1_1.prefab
  artifactKey: Guid(28f60661728ddb148a424ba31b70ccc4) Importer(815301076,1909f56bfc062723c751e8b465ee728b)
Start importing Assets/Handpainted_Forest_pack/Models/Grass_v1_1.prefab using Guid(28f60661728ddb148a424ba31b70ccc4) Importer(815301076,1909f56bfc062723c751e8b465ee728b)  -> (artifact id: 'f8f2b6d4f8b992ce7ce1694ce4fd33e5') in 0.016503 seconds 
  Import took 0.018380 seconds .

========================================================================
Received Import Request.
  Time since last request: 0.000176 seconds.
  path: Assets/Handpainted_Forest_pack/Models/Grass_v2_1.prefab
  artifactKey: Guid(bca1934b3991fe648b8181db36dfcfcb) Importer(815301076,1909f56bfc062723c751e8b465ee728b)
Start importing Assets/Handpainted_Forest_pack/Models/Grass_v2_1.prefab using Guid(bca1934b3991fe648b8181db36dfcfcb) Importer(815301076,1909f56bfc062723c751e8b465ee728b)  -> (artifact id: 'c29dbee96795b9fd21f0b08dd1173de0') in 0.014342 seconds 
  Import took 0.016176 seconds .

========================================================================
Received Import Request.
  Time since last request: 0.000138 seconds.
  path: Assets/Handpainted_Forest_pack/Models/Grass_v1_2.prefab
  artifactKey: Guid(e7943b8da41d75045a6bd919f15691ec) Importer(815301076,1909f56bfc062723c751e8b465ee728b)
Start importing Assets/Handpainted_Forest_pack/Models/Grass_v1_2.prefab using Guid(e7943b8da41d75045a6bd919f15691ec) Importer(815301076,1909f56bfc062723c751e8b465ee728b)  -> (artifact id: '2f97c84d4370471c4da22c1b13287fa1') in 0.014635 seconds 
  Import took 0.016464 seconds .

========================================================================
Received Import Request.
  Time since last request: 0.000197 seconds.
  path: Assets/Handpainted_Forest_pack/Models/Floor_Grass_v1_1.prefab
  artifactKey: Guid(4e43cdca195a1664d966791f28202d31) Importer(815301076,1909f56bfc062723c751e8b465ee728b)
Start importing Assets/Handpainted_Forest_pack/Models/Floor_Grass_v1_1.prefab using Guid(4e43cdca195a1664d966791f28202d31) Importer(815301076,1909f56bfc062723c751e8b465ee728b)  -> (artifact id: '33e8d94edc9ab8d7e9dfe27f5f8d033f') in 0.073031 seconds 
  Import took 0.074759 seconds .

========================================================================
Received Import Request.
  Time since last request: 0.000194 seconds.
  path: Assets/Handpainted_Forest_pack/Models/Floor_Grass_v1_2.prefab
  artifactKey: Guid(a2fbc4036fe0e9f40899ea784ee93073) Importer(815301076,1909f56bfc062723c751e8b465ee728b)
Start importing Assets/Handpainted_Forest_pack/Models/Floor_Grass_v1_2.prefab using Guid(a2fbc4036fe0e9f40899ea784ee93073) Importer(815301076,1909f56bfc062723c751e8b465ee728b)  -> (artifact id: '5b3eff9b501cade51d856f8ef1d7f202') in 0.012276 seconds 
  Import took 0.014242 seconds .

========================================================================
Received Import Request.
  Time since last request: 0.000194 seconds.
  path: Assets/Handpainted_Forest_pack/Models/Pine_v1_1.prefab
  artifactKey: Guid(13f47203b7fe8ff479a289d12f2f47ed) Importer(815301076,1909f56bfc062723c751e8b465ee728b)
Start importing Assets/Handpainted_Forest_pack/Models/Pine_v1_1.prefab using Guid(13f47203b7fe8ff479a289d12f2f47ed) Importer(815301076,1909f56bfc062723c751e8b465ee728b)  -> (artifact id: '088aedc0374258a140ac0568b19ef77a') in 0.014032 seconds 
  Import took 0.015810 seconds .

========================================================================
Received Import Request.
  Time since last request: 0.000105 seconds.
  path: Assets/Handpainted_Forest_pack/Models/Grass_v1_3.prefab
  artifactKey: Guid(4b46a3851f431d14fb24389945dd98d7) Importer(815301076,1909f56bfc062723c751e8b465ee728b)
Start importing Assets/Handpainted_Forest_pack/Models/Grass_v1_3.prefab using Guid(4b46a3851f431d14fb24389945dd98d7) Importer(815301076,1909f56bfc062723c751e8b465ee728b)  -> (artifact id: 'ed175968acbe571a5ca3b0c78b1067e3') in 0.011375 seconds 
  Import took 0.013187 seconds .

========================================================================
Received Import Request.
  Time since last request: 0.000257 seconds.
  path: Assets/Handpainted_Forest_pack/Models/Fir_v1_2.prefab
  artifactKey: Guid(97fa5d2e177822c4084dda50fa0986c6) Importer(815301076,1909f56bfc062723c751e8b465ee728b)
Start importing Assets/Handpainted_Forest_pack/Models/Fir_v1_2.prefab using Guid(97fa5d2e177822c4084dda50fa0986c6) Importer(815301076,1909f56bfc062723c751e8b465ee728b)  -> (artifact id: 'c686916192b53d416187e21a31014721') in 0.012605 seconds 
  Import took 0.014356 seconds .

========================================================================
Received Import Request.
  Time since last request: 597.806897 seconds.
  path: Assets/New Physic Material.physicMaterial
  artifactKey: Guid(89183dca4b19a654da2241e34c873950) Importer(815301076,1909f56bfc062723c751e8b465ee728b)
Start importing Assets/New Physic Material.physicMaterial using Guid(89183dca4b19a654da2241e34c873950) Importer(815301076,1909f56bfc062723c751e8b465ee728b)  -> (artifact id: '88753bd26dbe7175dc19901a94fa38a9') in 0.006532 seconds 
  Import took 0.008809 seconds .

========================================================================
Received Import Request.
  Time since last request: 0.011902 seconds.
  path: Assets/New Physic Material.physicMaterial
  artifactKey: Guid(89183dca4b19a654da2241e34c873950) Importer(815301076,1909f56bfc062723c751e8b465ee728b)
Start importing Assets/New Physic Material.physicMaterial using Guid(89183dca4b19a654da2241e34c873950) Importer(815301076,1909f56bfc062723c751e8b465ee728b)  -> (artifact id: '88753bd26dbe7175dc19901a94fa38a9') in 0.002364 seconds 
  Import took 0.004429 seconds .

========================================================================
Received Import Request.
  Time since last request: 46.262540 seconds.
  path: Assets/New Physics Material 2D.physicsMaterial2D
  artifactKey: Guid(3a2d72f3a452895438cce149e914df9d) Importer(815301076,1909f56bfc062723c751e8b465ee728b)
Start importing Assets/New Physics Material 2D.physicsMaterial2D using Guid(3a2d72f3a452895438cce149e914df9d) Importer(815301076,1909f56bfc062723c751e8b465ee728b)  -> (artifact id: '636e5f0ac4f19643d99c3774e68dea6c') in 0.005851 seconds 
  Import took 0.008118 seconds .

========================================================================
Received Import Request.
  Time since last request: 0.001594 seconds.
  path: Assets/New Physics Material 2D.physicsMaterial2D
  artifactKey: Guid(3a2d72f3a452895438cce149e914df9d) Importer(815301076,1909f56bfc062723c751e8b465ee728b)
Start importing Assets/New Physics Material 2D.physicsMaterial2D using Guid(3a2d72f3a452895438cce149e914df9d) Importer(815301076,1909f56bfc062723c751e8b465ee728b)  -> (artifact id: '636e5f0ac4f19643d99c3774e68dea6c') in 0.001784 seconds 
  Import took 0.003366 seconds .

========================================================================
Received Import Request.
  Time since last request: 198.377934 seconds.
  path: Assets/New Material.mat
  artifactKey: Guid(5f6b63dfdb3c73f47b85e8f2ca88a798) Importer(815301076,1909f56bfc062723c751e8b465ee728b)
Start importing Assets/New Material.mat using Guid(5f6b63dfdb3c73f47b85e8f2ca88a798) Importer(815301076,1909f56bfc062723c751e8b465ee728b)  -> (artifact id: '7e0786f1ed72f2fb1ba3563b36ee9dec') in 0.037360 seconds 
  Import took 0.039390 seconds .

========================================================================
Received Import Request.
  Time since last request: 25.141364 seconds.
  path: Assets
  artifactKey: Guid(00000000000000001000000000000000) Importer(815301076,1909f56bfc062723c751e8b465ee728b)
Start importing Assets using Guid(00000000000000001000000000000000) Importer(815301076,1909f56bfc062723c751e8b465ee728b)  -> (artifact id: '42d402b061de3733987d63b9cc3b64de') in 0.004132 seconds 
  Import took 0.005865 seconds .

========================================================================
Received Import Request.
  Time since last request: 73.808821 seconds.
  path: Assets/Handpainted_Forest_pack/Models/Source/Fir_v1.png
  artifactKey: Guid(9c13a6618fe3ab949bb617e67f862135) Importer(815301076,1909f56bfc062723c751e8b465ee728b)
Start importing Assets/Handpainted_Forest_pack/Models/Source/Fir_v1.png using Guid(9c13a6618fe3ab949bb617e67f862135) Importer(815301076,1909f56bfc062723c751e8b465ee728b)  -> (artifact id: '57870b80746fcd06faea2e466ac6e243') in 0.045375 seconds 
  Import took 0.047565 seconds .

========================================================================
Received Import Request.
  Time since last request: 0.000131 seconds.
  path: Assets/Handpainted_Forest_pack/Models/Source/Floor_Grass_v1_2.tga
  artifactKey: Guid(7be934018fb10d640ae99ae9bf7cbe7c) Importer(815301076,1909f56bfc062723c751e8b465ee728b)
Start importing Assets/Handpainted_Forest_pack/Models/Source/Floor_Grass_v1_2.tga using Guid(7be934018fb10d640ae99ae9bf7cbe7c) Importer(815301076,1909f56bfc062723c751e8b465ee728b)  -> (artifact id: '57e937963a01675812d2c64aedfae3d7') in 0.015938 seconds 
  Import took 0.017751 seconds .

========================================================================
Received Import Request.
  Time since last request: 0.000150 seconds.
  path: Assets/Handpainted_Forest_pack/Models/Source/Fir_v1.png
  artifactKey: Guid(9c13a6618fe3ab949bb617e67f862135) Importer(815301076,1909f56bfc062723c751e8b465ee728b)
Start importing Assets/Handpainted_Forest_pack/Models/Source/Fir_v1.png using Guid(9c13a6618fe3ab949bb617e67f862135) Importer(815301076,1909f56bfc062723c751e8b465ee728b)  -> (artifact id: '57870b80746fcd06faea2e466ac6e243') in 0.012932 seconds 
  Import took 0.014678 seconds .

========================================================================
Received Import Request.
  Time since last request: 0.000112 seconds.
  path: Assets/Handpainted_Forest_pack/Models/Source/Grass_v2_1.png
  artifactKey: Guid(c21ba585cdeba2c4599d076364526015) Importer(815301076,1909f56bfc062723c751e8b465ee728b)
Start importing Assets/Handpainted_Forest_pack/Models/Source/Grass_v2_1.png using Guid(c21ba585cdeba2c4599d076364526015) Importer(815301076,1909f56bfc062723c751e8b465ee728b)  -> (artifact id: '4e7952683f0de9c21fe50f5d8a8ea862') in 0.010351 seconds 
  Import took 0.012240 seconds .

========================================================================
Received Import Request.
  Time since last request: 0.000141 seconds.
  path: Assets/Handpainted_Forest_pack/Models/Source/Grass_v1_3.png
  artifactKey: Guid(23bd24c4031467f4ebfa37ecc611053b) Importer(815301076,1909f56bfc062723c751e8b465ee728b)
Start importing Assets/Handpainted_Forest_pack/Models/Source/Grass_v1_3.png using Guid(23bd24c4031467f4ebfa37ecc611053b) Importer(815301076,1909f56bfc062723c751e8b465ee728b)  -> (artifact id: '6c90e722e5c573af717de100815a4bfc') in 0.013098 seconds 
  Import took 0.014813 seconds .

========================================================================
Received Import Request.
  Time since last request: 0.000114 seconds.
  path: Assets/Handpainted_Forest_pack/Models/Source/Grass_v1_1.png
  artifactKey: Guid(d41ffe9d7aae5874c81a5edf96a4781e) Importer(815301076,1909f56bfc062723c751e8b465ee728b)
Start importing Assets/Handpainted_Forest_pack/Models/Source/Grass_v1_1.png using Guid(d41ffe9d7aae5874c81a5edf96a4781e) Importer(815301076,1909f56bfc062723c751e8b465ee728b)  -> (artifact id: 'd91c00ece38202d447d96d002a7bcbab') in 0.012673 seconds 
  Import took 0.014380 seconds .

========================================================================
Received Import Request.
  Time since last request: 0.000173 seconds.
  path: Assets/Handpainted_Forest_pack/Models/Source/Floor_Grass_v1_1.tga
  artifactKey: Guid(3a203929128f91f46be823db0be54d30) Importer(815301076,1909f56bfc062723c751e8b465ee728b)
Start importing Assets/Handpainted_Forest_pack/Models/Source/Floor_Grass_v1_1.tga using Guid(3a203929128f91f46be823db0be54d30) Importer(815301076,1909f56bfc062723c751e8b465ee728b)  -> (artifact id: '27a597daeb5d530e1c8e1895995c8032') in 0.012566 seconds 
  Import took 0.014324 seconds .

========================================================================
Received Import Request.
  Time since last request: 0.000147 seconds.
  path: Assets/Handpainted_Forest_pack/Models/Source/Grass_v1_2.png
  artifactKey: Guid(8d4abee17d6b77d47b140f7df6ea81af) Importer(815301076,1909f56bfc062723c751e8b465ee728b)
Start importing Assets/Handpainted_Forest_pack/Models/Source/Grass_v1_2.png using Guid(8d4abee17d6b77d47b140f7df6ea81af) Importer(815301076,1909f56bfc062723c751e8b465ee728b)  -> (artifact id: '87a2dfdb61177e2cf9503068008d0e1c') in 0.008739 seconds 
  Import took 0.010538 seconds .

========================================================================
Received Import Request.
  Time since last request: 2.255004 seconds.
  path: Assets/Handpainted_Forest_pack/Models/Source/Pine_v1.png
  artifactKey: Guid(330a76c3c3267334ba963ed9bc5d2f1e) Importer(815301076,1909f56bfc062723c751e8b465ee728b)
Start importing Assets/Handpainted_Forest_pack/Models/Source/Pine_v1.png using Guid(330a76c3c3267334ba963ed9bc5d2f1e) Importer(815301076,1909f56bfc062723c751e8b465ee728b)  -> (artifact id: 'd6377a43ecf936e4c8e546d93cfbb5b5') in 0.012415 seconds 
  Import took 0.014269 seconds .

========================================================================
Received Import Request.
  Time since last request: 0.002256 seconds.
  path: Assets/Handpainted_Forest_pack/Models/Source/Pine_v1.png
  artifactKey: Guid(330a76c3c3267334ba963ed9bc5d2f1e) Importer(815301076,1909f56bfc062723c751e8b465ee728b)
Start importing Assets/Handpainted_Forest_pack/Models/Source/Pine_v1.png using Guid(330a76c3c3267334ba963ed9bc5d2f1e) Importer(815301076,1909f56bfc062723c751e8b465ee728b)  -> (artifact id: 'd6377a43ecf936e4c8e546d93cfbb5b5') in 0.008545 seconds 
  Import took 0.010351 seconds .

========================================================================
Received Import Request.
  Time since last request: 102.385078 seconds.
  path: Assets/Handpainted_Forest_pack/Models/Source/Fir_v1.mat
  artifactKey: Guid(bf582717bc9abf7479ddfdc7552793fd) Importer(815301076,1909f56bfc062723c751e8b465ee728b)
Start importing Assets/Handpainted_Forest_pack/Models/Source/Fir_v1.mat using Guid(bf582717bc9abf7479ddfdc7552793fd) Importer(815301076,1909f56bfc062723c751e8b465ee728b)  -> (artifact id: '4873df879ef2c750a5cfffaff3f7d94a') in 0.018819 seconds 
  Import took 0.020735 seconds .

========================================================================
Received Import Request.
  Time since last request: 0.000159 seconds.
  path: Assets/Handpainted_Forest_pack/Models/Source/Grass_v1_3.mat
  artifactKey: Guid(628ed950aa8383043806c5458764725f) Importer(815301076,1909f56bfc062723c751e8b465ee728b)
Start importing Assets/Handpainted_Forest_pack/Models/Source/Grass_v1_3.mat using Guid(628ed950aa8383043806c5458764725f) Importer(815301076,1909f56bfc062723c751e8b465ee728b)  -> (artifact id: '61463ab38f7d16cfef5a5e828e621220') in 0.013130 seconds 
  Import took 0.014949 seconds .

========================================================================
Received Import Request.
  Time since last request: 0.000134 seconds.
  path: Assets/Handpainted_Forest_pack/Models/Source/Grass_v2_1.mat
  artifactKey: Guid(59871923837676c4faba6f9673ff6d79) Importer(815301076,1909f56bfc062723c751e8b465ee728b)
Start importing Assets/Handpainted_Forest_pack/Models/Source/Grass_v2_1.mat using Guid(59871923837676c4faba6f9673ff6d79) Importer(815301076,1909f56bfc062723c751e8b465ee728b)  -> (artifact id: 'ba9ac43bcc54b615da2a39e1113e5ddf') in 0.012131 seconds 
  Import took 0.014002 seconds .

========================================================================
Received Import Request.
  Time since last request: 0.000120 seconds.
  path: Assets/Handpainted_Forest_pack/Models/Source/Grass_v1_2.mat
  artifactKey: Guid(541867319ef080d44b29c65a3c9d5b19) Importer(815301076,1909f56bfc062723c751e8b465ee728b)
Start importing Assets/Handpainted_Forest_pack/Models/Source/Grass_v1_2.mat using Guid(541867319ef080d44b29c65a3c9d5b19) Importer(815301076,1909f56bfc062723c751e8b465ee728b)  -> (artifact id: 'f9513bc7388f6f341f0d93e26c00eaac') in 0.008446 seconds 
  Import took 0.010291 seconds .

========================================================================
Received Import Request.
  Time since last request: 0.000140 seconds.
  path: Assets/Handpainted_Forest_pack/Models/Source/Fir_v1.mat
  artifactKey: Guid(bf582717bc9abf7479ddfdc7552793fd) Importer(815301076,1909f56bfc062723c751e8b465ee728b)
Start importing Assets/Handpainted_Forest_pack/Models/Source/Fir_v1.mat using Guid(bf582717bc9abf7479ddfdc7552793fd) Importer(815301076,1909f56bfc062723c751e8b465ee728b)  -> (artifact id: '4873df879ef2c750a5cfffaff3f7d94a') in 0.009290 seconds 
  Import took 0.011092 seconds .

========================================================================
Received Import Request.
  Time since last request: 0.000108 seconds.
  path: Assets/Handpainted_Forest_pack/Models/Source/Floor_Grass_v1_2.mat
  artifactKey: Guid(72c5e0d26b8636c41b8d2dab8ac89bb4) Importer(815301076,1909f56bfc062723c751e8b465ee728b)
Start importing Assets/Handpainted_Forest_pack/Models/Source/Floor_Grass_v1_2.mat using Guid(72c5e0d26b8636c41b8d2dab8ac89bb4) Importer(815301076,1909f56bfc062723c751e8b465ee728b)  -> (artifact id: 'eabdcf0d5cfe0cf65f9d6e14dcfde384') in 0.009926 seconds 
  Import took 0.011876 seconds .

========================================================================
Received Import Request.
  Time since last request: 0.000158 seconds.
  path: Assets/Handpainted_Forest_pack/Models/Source/Floor_Grass_v1_1.mat
  artifactKey: Guid(ff877304ec6ab8d4ba4c9b6a346c5775) Importer(815301076,1909f56bfc062723c751e8b465ee728b)
Start importing Assets/Handpainted_Forest_pack/Models/Source/Floor_Grass_v1_1.mat using Guid(ff877304ec6ab8d4ba4c9b6a346c5775) Importer(815301076,1909f56bfc062723c751e8b465ee728b)  -> (artifact id: 'b0170d79c6c129496d1e8c23402fa623') in 0.009159 seconds 
  Import took 0.011029 seconds .

========================================================================
Received Import Request.
  Time since last request: 0.000109 seconds.
  path: Assets/Handpainted_Forest_pack/Models/Source/Forest_pack_models_set.FBX
  artifactKey: Guid(11513268302b562498f3c140346b22c8) Importer(815301076,1909f56bfc062723c751e8b465ee728b)
Start importing Assets/Handpainted_Forest_pack/Models/Source/Forest_pack_models_set.FBX using Guid(11513268302b562498f3c140346b22c8) Importer(815301076,1909f56bfc062723c751e8b465ee728b)  -> (artifact id: 'c29cd480c2fa20798b3358bbf859d2a6') in 0.134848 seconds 
  Import took 0.136883 seconds .

========================================================================
Received Import Request.
  Time since last request: 0.000125 seconds.
  path: Assets/Handpainted_Forest_pack/Models/Source/Grass_v1_1.mat
  artifactKey: Guid(1523a0f878da8e44aa9166a0a9553429) Importer(815301076,1909f56bfc062723c751e8b465ee728b)
Start importing Assets/Handpainted_Forest_pack/Models/Source/Grass_v1_1.mat using Guid(1523a0f878da8e44aa9166a0a9553429) Importer(815301076,1909f56bfc062723c751e8b465ee728b)  -> (artifact id: 'e8e10427b11151d5e84745a358235c19') in 0.008626 seconds 
  Import took 0.010443 seconds .

========================================================================
Received Import Request.
  Time since last request: 0.000140 seconds.
  path: Assets/Handpainted_Forest_pack/Models/Source/Forest_pack_models_set.FBX
  artifactKey: Guid(11513268302b562498f3c140346b22c8) Importer(815301076,1909f56bfc062723c751e8b465ee728b)
Start importing Assets/Handpainted_Forest_pack/Models/Source/Forest_pack_models_set.FBX using Guid(11513268302b562498f3c140346b22c8) Importer(815301076,1909f56bfc062723c751e8b465ee728b)  -> (artifact id: 'c29cd480c2fa20798b3358bbf859d2a6') in 0.061036 seconds 
  Import took 0.063157 seconds .

========================================================================
Received Import Request.
  Time since last request: 0.000176 seconds.
  path: Assets/Handpainted_Forest_pack/Models/Source/Pine_v1.mat
  artifactKey: Guid(d5f4b3829380d6c48b3b0bad301f2497) Importer(815301076,1909f56bfc062723c751e8b465ee728b)
Start importing Assets/Handpainted_Forest_pack/Models/Source/Pine_v1.mat using Guid(d5f4b3829380d6c48b3b0bad301f2497) Importer(815301076,1909f56bfc062723c751e8b465ee728b)  -> (artifact id: 'c8bfd57c5d42a8d8b70f810067261406') in 0.010873 seconds 
  Import took 0.012637 seconds .

========================================================================
Received Import Request.
  Time since last request: 275.552792 seconds.
  path: Assets/New Material.mat
  artifactKey: Guid(5f6b63dfdb3c73f47b85e8f2ca88a798) Importer(815301076,1909f56bfc062723c751e8b465ee728b)
Start importing Assets/New Material.mat using Guid(5f6b63dfdb3c73f47b85e8f2ca88a798) Importer(815301076,1909f56bfc062723c751e8b465ee728b)  -> (artifact id: 'd8d00583d74df690ee0acd5a5cac181c') in 0.017113 seconds 
  Import took 0.019792 seconds .

========================================================================
Received Import Request.
  Time since last request: 476.339402 seconds.
  path: Assets/一棵樹.prefab
  artifactKey: Guid(b926bfae26ef99844bce5a4682ebb98f) Importer(815301076,1909f56bfc062723c751e8b465ee728b)
Start importing Assets/一棵樹.prefab using Guid(b926bfae26ef99844bce5a4682ebb98f) Importer(815301076,1909f56bfc062723c751e8b465ee728b)  -> (artifact id: 'f4ebcf7cb4aa757656ff1acbe9b812a6') in 0.021370 seconds 
  Import took 0.023908 seconds .

========================================================================
Received Import Request.
  Time since last request: 0.000562 seconds.
  path: Assets/一棵樹.prefab
  artifactKey: Guid(b926bfae26ef99844bce5a4682ebb98f) Importer(815301076,1909f56bfc062723c751e8b465ee728b)
Start importing Assets/一棵樹.prefab using Guid(b926bfae26ef99844bce5a4682ebb98f) Importer(815301076,1909f56bfc062723c751e8b465ee728b)  -> (artifact id: 'f4ebcf7cb4aa757656ff1acbe9b812a6') in 0.007997 seconds 
  Import took 0.010558 seconds .

========================================================================
Received Import Request.
  Time since last request: 33.176296 seconds.
  path: Assets/一棵樹.prefab
  artifactKey: Guid(b926bfae26ef99844bce5a4682ebb98f) Importer(815301076,1909f56bfc062723c751e8b465ee728b)
Start importing Assets/一棵樹.prefab using Guid(b926bfae26ef99844bce5a4682ebb98f) Importer(815301076,1909f56bfc062723c751e8b465ee728b)  -> (artifact id: 'f46c34f1a551c29592e319fbb44024b8') in 0.014351 seconds 
  Import took 0.016842 seconds .

========================================================================
Received Import Request.
  Time since last request: 0.001152 seconds.
  path: Assets/一棵樹.prefab
  artifactKey: Guid(b926bfae26ef99844bce5a4682ebb98f) Importer(815301076,1909f56bfc062723c751e8b465ee728b)
Start importing Assets/一棵樹.prefab using Guid(b926bfae26ef99844bce5a4682ebb98f) Importer(815301076,1909f56bfc062723c751e8b465ee728b)  -> (artifact id: 'f46c34f1a551c29592e319fbb44024b8') in 0.006797 seconds 
  Import took 0.008639 seconds .

========================================================================
Received Import Request.
  Time since last request: 4.175894 seconds.
  path: Assets/一棵樹.prefab
  artifactKey: Guid(b926bfae26ef99844bce5a4682ebb98f) Importer(815301076,1909f56bfc062723c751e8b465ee728b)
Start importing Assets/一棵樹.prefab using Guid(b926bfae26ef99844bce5a4682ebb98f) Importer(815301076,1909f56bfc062723c751e8b465ee728b)  -> (artifact id: 'a388361cf112858d9544899a842bdfa4') in 0.010519 seconds 
  Import took 0.012975 seconds .

========================================================================
Received Import Request.
  Time since last request: 18.438180 seconds.
  path: Assets/一棵樹.prefab
  artifactKey: Guid(b926bfae26ef99844bce5a4682ebb98f) Importer(815301076,1909f56bfc062723c751e8b465ee728b)
Start importing Assets/一棵樹.prefab using Guid(b926bfae26ef99844bce5a4682ebb98f) Importer(815301076,1909f56bfc062723c751e8b465ee728b)  -> (artifact id: '69e4da31bd529566ef365ea863be65db') in 0.018710 seconds 
  Import took 0.020889 seconds .

========================================================================
Received Import Request.
  Time since last request: 2.808953 seconds.
  path: Assets/一棵樹.prefab
  artifactKey: Guid(b926bfae26ef99844bce5a4682ebb98f) Importer(815301076,1909f56bfc062723c751e8b465ee728b)
Start importing Assets/一棵樹.prefab using Guid(b926bfae26ef99844bce5a4682ebb98f) Importer(815301076,1909f56bfc062723c751e8b465ee728b)  -> (artifact id: 'ccc81eced25be7312e03225d51f64c6f') in 0.012507 seconds 
  Import took 0.014859 seconds .

========================================================================
Received Import Request.
  Time since last request: 2.120591 seconds.
  path: Assets/一棵樹.prefab
  artifactKey: Guid(b926bfae26ef99844bce5a4682ebb98f) Importer(815301076,1909f56bfc062723c751e8b465ee728b)
Start importing Assets/一棵樹.prefab using Guid(b926bfae26ef99844bce5a4682ebb98f) Importer(815301076,1909f56bfc062723c751e8b465ee728b)  -> (artifact id: '55a8e71fbc39c56f1a279f0dac1c81d4') in 0.009856 seconds 
  Import took 0.011950 seconds .

========================================================================
Received Prepare
Registering precompiled user dll's ...
Registered in 0.001981 seconds.
Begin MonoManager ReloadAssembly
Native extension for WindowsStandalone target not found
Native extension for WebGL target not found
Refreshing native plugins compatible for Editor in 0.33 ms, found 2 plugins.
Preloading 0 native plugins for Editor in 0.00 ms.
Mono: successfully reloaded assembly
- Completed reload, in  0.727 seconds
Domain Reload Profiling:
	ReloadAssembly (727ms)
		BeginReloadAssembly (76ms)
			ExecutionOrderSort (0ms)
			DisableScriptedObjects (3ms)
			BackupInstance (0ms)
			ReleaseScriptingObjects (0ms)
			CreateAndSetChildDomain (24ms)
		EndReloadAssembly (607ms)
			LoadAssemblies (59ms)
			RebuildTransferFunctionScriptingTraits (0ms)
			SetupTypeCache (193ms)
			ReleaseScriptCaches (1ms)
			RebuildScriptCaches (27ms)
			SetupLoadedEditorAssemblies (255ms)
				LogAssemblyErrors (0ms)
				InitializePlatformSupportModulesInManaged (4ms)
				SetLoadedEditorAssemblies (1ms)
				RefreshPlugins (0ms)
				BeforeProcessingInitializeOnLoad (36ms)
				ProcessInitializeOnLoadAttributes (210ms)
				ProcessInitializeOnLoadMethodAttributes (3ms)
				AfterProcessingInitializeOnLoad (2ms)
				EditorAssembliesLoaded (0ms)
			ExecutionOrderSort2 (0ms)
			AwakeInstancesAfterBackupRestoration (5ms)
Platform modules already initialized, skipping
Refreshing native plugins compatible for Editor in 0.28 ms, found 2 plugins.
Preloading 0 native plugins for Editor in 0.00 ms.
Unloading 1391 Unused Serialized files (Serialized files now loaded: 0)
System memory in use before: 69.8 MB.
System memory in use after: 69.9 MB.

Unloading 14 unused Assets to reduce memory usage. Loaded Objects now: 1903.
Total: 2.039200 ms (FindLiveObjects: 0.141800 ms CreateObjectMapping: 0.035600 ms MarkObjects: 1.846400 ms  DeleteObjects: 0.014400 ms)

AssetImportParameters requested are different than current active one (requested -> active):
  custom:framework-win-MediaFoundation: 216162199b28c13a410421893ffa2e32 -> 
  custom:video-decoder-ogg-theora: a1e56fd34408186e4bbccfd4996cb3dc -> 
  custom:container-muxer-webm: aa71ff27fc2769a1b78a27578f13a17b -> 
  custom:container-demuxer-webm: 4f35f7cbe854078d1ac9338744f61a02 -> 
  custom:container-demuxer-ogg: 62fdf1f143b41e24485cea50d1cbac27 -> 
  custom:video-encoder-webm-vp8: eb34c28f22e8b96e1ab97ce403110664 -> 
  custom:video-decoder-webm-vp8: 9c59270c3fd7afecdb556c50c9e8de78 -> 
  custom:audio-decoder-ogg-vorbis: bf7c407c2cedff20999df2af8eb42d56 -> 
  custom:audio-encoder-webm-vorbis: bf7c407c2cedff20999df2af8eb42d56 -> 
========================================================================
Received Import Request.
  Time since last request: 119.989912 seconds.
  path: Assets/稀疏樹.prefab
  artifactKey: Guid(edb2a042aac27e948970f508921a3402) Importer(815301076,1909f56bfc062723c751e8b465ee728b)
Start importing Assets/稀疏樹.prefab using Guid(edb2a042aac27e948970f508921a3402) Importer(815301076,1909f56bfc062723c751e8b465ee728b)  -> (artifact id: 'a1261bd2ba18553799d3fa78f4591cd1') in 0.047163 seconds 
  Import took 0.049458 seconds .

AssetImportWorkerClient::OnTransportError - code=2 error=End of file
